\\mac\home\desktop\minionslovebananas\debug\vc140.pdb
\\mac\home\desktop\minionslovebananas\debug\vc140.idb
\\mac\home\desktop\minionslovebananas\debug\box.obj
\\mac\home\desktop\minionslovebananas\debug\gameboard.obj
\\mac\home\desktop\minionslovebananas\debug\mainwindow.obj
\\mac\home\desktop\minionslovebananas\debug\man.obj
\\mac\home\desktop\minionslovebananas\debug\base.obj
\\mac\home\desktop\minionslovebananas\debug\stdafx.obj
\\mac\home\desktop\minionslovebananas\debug\minionslovebanana.pdb
\\mac\home\desktop\minionslovebananas\debug\minionslovebanana.ilk
\\mac\home\desktop\minionslovebananas\debug\boxman.res
\\mac\home\desktop\minionslovebananas\debug\minionslovebanana.exe
\\mac\home\desktop\minionslovebananas\debug\minionsl.7acf9f94.tlog\cl.command.1.tlog
\\mac\home\desktop\minionslovebananas\debug\minionsl.7acf9f94.tlog\cl.read.1.tlog
\\mac\home\desktop\minionslovebananas\debug\minionsl.7acf9f94.tlog\cl.write.1.tlog
\\mac\home\desktop\minionslovebananas\debug\minionsl.7acf9f94.tlog\link.command.1.tlog
\\mac\home\desktop\minionslovebananas\debug\minionsl.7acf9f94.tlog\link.read.1.tlog
\\mac\home\desktop\minionslovebananas\debug\minionsl.7acf9f94.tlog\link.write.1.tlog
\\mac\home\desktop\minionslovebananas\debug\minionsl.7acf9f94.tlog\rc.command.1.tlog
\\mac\home\desktop\minionslovebananas\debug\minionsl.7acf9f94.tlog\rc.read.1.tlog
\\mac\home\desktop\minionslovebananas\debug\minionsl.7acf9f94.tlog\rc.write.1.tlog
